[INFO][2018 16:49:46 login.py:30]  Internet is on
[INFO][2018 16:50:16 login.py:30]  Internet is on
[INFO][2018 16:50:46 login.py:30]  Internet is on
[INFO][2018 16:51:16 login.py:30]  Internet is on
[INFO][2018 16:51:46 login.py:30]  Internet is on
[INFO][2018 16:52:16 login.py:30]  Internet is on
[INFO][2018 16:52:46 login.py:30]  Internet is on
[INFO][2018 16:53:16 login.py:30]  Internet is on
[INFO][2018 16:53:46 login.py:30]  Internet is on
[INFO][2018 16:54:16 login.py:30]  Internet is on
[INFO][2018 16:54:47 login.py:30]  Internet is on
[INFO][2018 16:55:17 login.py:30]  Internet is on
[INFO][2018 16:55:47 login.py:30]  Internet is on
[INFO][2018 16:56:17 login.py:30]  Internet is on
[INFO][2018 16:56:47 login.py:30]  Internet is on
[INFO][2018 16:57:17 login.py:30]  Internet is on
[INFO][2018 16:57:47 login.py:30]  Internet is on
[INFO][2018 16:58:17 login.py:30]  Internet is on
[INFO][2018 16:58:47 login.py:30]  Internet is on
[INFO][2018 16:59:17 login.py:30]  Internet is on
[INFO][2018 16:59:47 login.py:30]  Internet is on
[INFO][2018 17:00:17 login.py:30]  Internet is on
[INFO][2018 17:00:47 login.py:30]  Internet is on
[INFO][2018 17:01:17 login.py:30]  Internet is on
[INFO][2018 17:01:47 login.py:30]  Internet is on
[INFO][2018 17:02:17 login.py:30]  Internet is on
[INFO][2018 17:02:48 login.py:30]  Internet is on
[INFO][2018 17:03:18 login.py:30]  Internet is on
[INFO][2018 17:03:48 login.py:30]  Internet is on
[INFO][2018 17:04:18 login.py:30]  Internet is on
[INFO][2018 17:04:48 login.py:30]  Internet is on
[INFO][2018 17:05:18 login.py:30]  Internet is on
[INFO][2018 17:05:48 login.py:30]  Internet is on
[INFO][2018 17:06:18 login.py:30]  Internet is on
[INFO][2018 17:06:48 login.py:30]  Internet is on
[INFO][2018 17:07:18 login.py:30]  Internet is on
[INFO][2018 17:07:48 login.py:30]  Internet is on
[INFO][2018 17:08:18 login.py:30]  Internet is on
[INFO][2018 17:08:48 login.py:30]  Internet is on
[INFO][2018 17:09:18 login.py:30]  Internet is on
[INFO][2018 17:09:49 login.py:30]  Internet is on
[INFO][2018 17:10:19 login.py:30]  Internet is on
[INFO][2018 17:10:49 login.py:30]  Internet is on
[INFO][2018 17:11:19 login.py:30]  Internet is on
[INFO][2018 17:11:49 login.py:30]  Internet is on
[INFO][2018 17:12:19 login.py:30]  Internet is on
[INFO][2018 17:12:49 login.py:30]  Internet is on
[INFO][2018 17:13:19 login.py:30]  Internet is on
[INFO][2018 17:13:49 login.py:30]  Internet is on
[INFO][2018 17:14:19 login.py:30]  Internet is on
[INFO][2018 17:14:49 login.py:30]  Internet is on
[INFO][2018 17:15:19 login.py:30]  Internet is on
[INFO][2018 17:15:49 login.py:30]  Internet is on
[INFO][2018 17:16:19 login.py:30]  Internet is on
[INFO][2018 17:16:49 login.py:30]  Internet is on
[INFO][2018 17:17:19 login.py:30]  Internet is on
[INFO][2018 17:17:50 login.py:30]  Internet is on
[INFO][2018 17:18:20 login.py:30]  Internet is on
[INFO][2018 17:18:50 login.py:30]  Internet is on
[INFO][2018 17:19:20 login.py:30]  Internet is on
[INFO][2018 17:19:50 login.py:30]  Internet is on
[INFO][2018 17:20:20 login.py:30]  Internet is on
[INFO][2018 17:20:50 login.py:30]  Internet is on
[INFO][2018 17:21:20 login.py:30]  Internet is on
[INFO][2018 17:21:50 login.py:30]  Internet is on
[INFO][2018 17:22:20 login.py:30]  Internet is on
[INFO][2018 17:22:50 login.py:30]  Internet is on
[INFO][2018 17:23:20 login.py:30]  Internet is on
[INFO][2018 17:23:50 login.py:30]  Internet is on
[INFO][2018 17:24:20 login.py:30]  Internet is on
[INFO][2018 17:24:50 login.py:30]  Internet is on
[INFO][2018 17:25:20 login.py:30]  Internet is on
[INFO][2018 17:25:51 login.py:30]  Internet is on
[INFO][2018 17:26:21 login.py:30]  Internet is on
[INFO][2018 17:26:51 login.py:30]  Internet is on
[INFO][2018 17:27:21 login.py:30]  Internet is on
[INFO][2018 17:27:51 login.py:30]  Internet is on
[INFO][2018 17:28:21 login.py:30]  Internet is on
[INFO][2018 17:29:06 login.py:30]  Internet is on
[INFO][2018 17:29:36 login.py:30]  Internet is on
[INFO][2018 17:30:07 login.py:30]  Internet is on
[INFO][2018 17:30:37 login.py:30]  Internet is on
[INFO][2018 17:31:07 login.py:30]  Internet is on
[INFO][2018 17:31:44 login.py:30]  Internet is on
[INFO][2018 17:32:14 login.py:30]  Internet is on
[INFO][2018 17:32:44 login.py:30]  Internet is on
[INFO][2018 17:33:14 login.py:30]  Internet is on
[INFO][2018 17:33:44 login.py:30]  Internet is on
[INFO][2018 17:34:14 login.py:30]  Internet is on
[INFO][2018 17:34:44 login.py:30]  Internet is on
[INFO][2018 17:35:14 login.py:30]  Internet is on
[INFO][2018 17:35:44 login.py:30]  Internet is on
[INFO][2018 17:36:14 login.py:30]  Internet is on
[INFO][2018 17:36:44 login.py:30]  Internet is on
[INFO][2018 17:37:14 login.py:30]  Internet is on
[INFO][2018 17:37:44 login.py:30]  Internet is on
[INFO][2018 17:38:14 login.py:30]  Internet is on
[INFO][2018 17:38:45 login.py:30]  Internet is on
[INFO][2018 17:39:15 login.py:30]  Internet is on
[INFO][2018 17:39:45 login.py:30]  Internet is on
[INFO][2018 17:40:15 login.py:30]  Internet is on
[INFO][2018 17:40:45 login.py:30]  Internet is on
[INFO][2018 17:41:15 login.py:30]  Internet is on
[INFO][2018 17:41:45 login.py:30]  Internet is on
[INFO][2018 17:42:15 login.py:30]  Internet is on
[INFO][2018 17:42:45 login.py:30]  Internet is on
[INFO][2018 17:43:15 login.py:30]  Internet is on
[INFO][2018 17:43:45 login.py:30]  Internet is on
[INFO][2018 17:44:15 login.py:30]  Internet is on
[INFO][2018 17:44:45 login.py:30]  Internet is on
[INFO][2018 17:45:15 login.py:30]  Internet is on
[INFO][2018 17:45:46 login.py:30]  Internet is on
[INFO][2018 17:46:16 login.py:30]  Internet is on
[INFO][2018 17:46:46 login.py:30]  Internet is on
[INFO][2018 17:47:16 login.py:30]  Internet is on
[INFO][2018 17:47:46 login.py:30]  Internet is on
[INFO][2018 17:48:16 login.py:30]  Internet is on
[INFO][2018 17:48:46 login.py:30]  Internet is on
[INFO][2018 17:49:16 login.py:30]  Internet is on
[INFO][2018 17:49:46 login.py:30]  Internet is on
[INFO][2018 17:50:16 login.py:30]  Internet is on
[INFO][2018 17:50:46 login.py:30]  Internet is on
[INFO][2018 17:51:16 login.py:30]  Internet is on
[INFO][2018 17:51:46 login.py:30]  Internet is on
[INFO][2018 17:52:16 login.py:30]  Internet is on
[INFO][2018 17:52:46 login.py:30]  Internet is on
[INFO][2018 17:53:17 login.py:30]  Internet is on
[INFO][2018 17:53:47 login.py:30]  Internet is on
[INFO][2018 17:54:17 login.py:30]  Internet is on
[INFO][2018 17:54:47 login.py:30]  Internet is on
[INFO][2018 17:55:17 login.py:30]  Internet is on
[INFO][2018 17:55:47 login.py:30]  Internet is on
[INFO][2018 17:56:17 login.py:27]  No internet connection
[INFO][2018 17:56:17 login.py:10]  Connecting
[INFO][2018 17:56:19 login.py:20]  Connected
[INFO][2018 17:56:50 login.py:27]  No internet connection
[INFO][2018 17:56:50 login.py:10]  Connecting
[INFO][2018 17:56:51 login.py:20]  Connected
[INFO][2018 17:57:22 login.py:27]  No internet connection
[INFO][2018 17:57:22 login.py:10]  Connecting
[INFO][2018 17:57:24 login.py:20]  Connected
Traceback (most recent call last):
  File "login.py", line 43, in <module>
    connect()
  File "login.py", line 22, in connect
    driver.quit()
  File "/home/avery/.local/lib/python2.7/site-packages/selenium/webdriver/phantomjs/webdriver.py", line 76, in quit
    self.service.stop()
  File "/home/avery/.local/lib/python2.7/site-packages/selenium/webdriver/common/service.py", line 149, in stop
    self.send_remote_shutdown_command()
  File "/home/avery/.local/lib/python2.7/site-packages/selenium/webdriver/phantomjs/service.py", line 67, in send_remote_shutdown_command
    os.close(self._cookie_temp_file_handle)
OSError: [Errno 9] Bad file descriptor
